<?xml version="1.0" encoding="UTF-8"?>
<!-- Generated by org.testng.reporters.JUnitReportReporter -->
<testsuite skipped="0" hostname="DESKTOP-5T03LQ5" name="com.w2a.testcases.Logintest" tests="1" failures="0" timestamp="2022-08-15T17:44:24 IST" time="1.894" errors="0">
  <testcase name="loginAsbankManager" time="1.894" classname="com.w2a.testcases.Logintest"/>
  <system-out/>
</testsuite> <!-- com.w2a.testcases.Logintest -->
