<?xml version="1.0" encoding="UTF-8"?>
<!-- Generated by org.testng.reporters.JUnitReportReporter -->
<testsuite skipped="0" hostname="DESKTOP-5T03LQ5" name="com.w2a.testcases.BankManagerLogintest" tests="1" failures="0" timestamp="2022-08-17T16:00:33 IST" time="0.333" errors="0">
  <testcase name="loginAsbankManager" time="0.333" classname="com.w2a.testcases.BankManagerLogintest"/>
  <system-out/>
</testsuite> <!-- com.w2a.testcases.BankManagerLogintest -->
