<?xml version="1.0" encoding="UTF-8"?>
<!-- Generated by org.testng.reporters.JUnitReportReporter -->
<testsuite skipped="0" hostname="DESKTOP-5T03LQ5" name="com.w2a.testcases.AddCustomerTest" tests="1" failures="0" timestamp="2022-08-24T13:58:08 IST" time="0.075" errors="0">
  <testcase name="addCustomerTest" time="0.075" classname="com.w2a.testcases.AddCustomerTest"/>
  <system-out/>
</testsuite> <!-- com.w2a.testcases.AddCustomerTest -->
